2025-04-24 17:21:57,318 - __main__ - INFO - logging to file: None
2025-04-24 17:21:57,319 - __main__ - INFO - Extracting unique pictogram IDs from data/propicto_base.json
2025-04-24 17:22:03,559 - __main__ - INFO - Found 6783 unique pictogram IDs
2025-04-24 17:22:03,560 - __main__ - INFO - testing image download with id 31410
2025-04-24 17:22:03,719 - pictollms.data.arasaac_client - WARNING - Error downloading pictogram 31410: 404
2025-04-24 17:22:03,719 - __main__ - ERROR - failed download
2025-04-24 17:22:03,720 - __main__ - WARNING -  download test failed. starting metadata only.
2025-04-24 17:22:03,720 - __main__ - INFO - Collecting metadata for pictograms
2025-04-24 17:22:03,923 - pictollms.data.arasaac_client - WARNING - Error fetching metadata for 32998: 404
2025-04-24 17:22:04,163 - pictollms.data.arasaac_client - WARNING - Error fetching metadata for 35551: 404
2025-04-24 17:22:04,206 - pictollms.data.arasaac_client - WARNING - Error fetching metadata for 35563: 404
2025-04-24 17:22:04,257 - pictollms.data.arasaac_client - WARNING - Error fetching metadata for 35581: 404
2025-04-24 17:22:04,482 - pictollms.data.arasaac_client - WARNING - Error fetching metadata for 36533: 404
2025-04-24 17:22:04,910 - pictollms.data.arasaac_client - WARNING - Error fetching metadata for 39502: 404
2025-04-24 17:22:05,295 - pictollms.data.arasaac_client - WARNING - Error fetching metadata for 11480: 404
2025-04-24 17:22:05,360 - pictollms.data.arasaac_client - WARNING - Error fetching metadata for 12244: 404
2025-04-24 17:22:05,395 - pictollms.data.arasaac_client - WARNING - Error fetching metadata for 12248: 404
2025-04-24 17:22:05,493 - pictollms.data.arasaac_client - WARNING - Error fetching metadata for 15521: 404
2025-04-24 17:22:05,543 - pictollms.data.arasaac_client - WARNING - Error fetching metadata for 16089: 404
2025-04-24 17:22:05,589 - pictollms.data.arasaac_client - WARNING - Error fetching metadata for 16353: 404
2025-04-24 17:22:05,624 - pictollms.data.arasaac_client - WARNING - Error fetching metadata for 16361: 404
2025-04-24 17:22:05,661 - pictollms.data.arasaac_client - WARNING - Error fetching metadata for 16369: 404
2025-04-24 17:22:05,701 - pictollms.data.arasaac_client - WARNING - Error fetching metadata for 16627: 404
2025-04-24 17:22:05,778 - pictollms.data.arasaac_client - WARNING - Error fetching metadata for 19522: 404
2025-04-24 17:22:05,815 - pictollms.data.arasaac_client - WARNING - Error fetching metadata for 19559: 404
2025-04-24 17:22:05,852 - pictollms.data.arasaac_client - WARNING - Error fetching metadata for 20089: 404
2025-04-24 17:22:06,101 - pictollms.data.arasaac_client - WARNING - Error fetching metadata for 26368: 404
2025-04-24 17:22:06,444 - pictollms.data.arasaac_client - WARNING - Error fetching metadata for 31865: 404
2025-04-24 17:22:07,369 - __main__ - INFO - Saved metadata for 6763 pictograms to data/metadata/arasaac_metadata.json
2025-04-24 17:22:07,370 - __main__ - INFO - metadata and images ok
